Determining if the pthread_create exist failed with the following output:
Change Dir: /home/robot/mit212project/catkin_ws/build/CMakeFiles/CMakeTmp

Run Build Command:"/usr/bin/make" "cmTC_2b200/fast"
/usr/bin/make -f CMakeFiles/cmTC_2b200.dir/build.make CMakeFiles/cmTC_2b200.dir/build
make[1]: Entering directory '/home/robot/mit212project/catkin_ws/build/CMakeFiles/CMakeTmp'
Building C object CMakeFiles/cmTC_2b200.dir/CheckSymbolExists.c.o
/usr/bin/cc    -Wreturn-type -Wuninitialized     -o CMakeFiles/cmTC_2b200.dir/CheckSymbolExists.c.o   -c /home/robot/mit212project/catkin_ws/build/CMakeFiles/CMakeTmp/CheckSymbolExists.c
Linking C executable cmTC_2b200
/usr/bin/cmake -E cmake_link_script CMakeFiles/cmTC_2b200.dir/link.txt --verbose=1
/usr/bin/cc   -Wreturn-type -Wuninitialized      CMakeFiles/cmTC_2b200.dir/CheckSymbolExists.c.o  -o cmTC_2b200 -rdynamic 
CMakeFiles/cmTC_2b200.dir/CheckSymbolExists.c.o: In function `main':
CheckSymbolExists.c:(.text+0x16): undefined reference to `pthread_create'
collect2: error: ld returned 1 exit status
CMakeFiles/cmTC_2b200.dir/build.make:97: recipe for target 'cmTC_2b200' failed
make[1]: *** [cmTC_2b200] Error 1
make[1]: Leaving directory '/home/robot/mit212project/catkin_ws/build/CMakeFiles/CMakeTmp'
Makefile:126: recipe for target 'cmTC_2b200/fast' failed
make: *** [cmTC_2b200/fast] Error 2

File /home/robot/mit212project/catkin_ws/build/CMakeFiles/CMakeTmp/CheckSymbolExists.c:
/* */
#include <pthread.h>

int main(int argc, char** argv)
{
  (void)argv;
#ifndef pthread_create
  return ((int*)(&pthread_create))[argc];
#else
  (void)argc;
  return 0;
#endif
}

Determining if the function pthread_create exists in the pthreads failed with the following output:
Change Dir: /home/robot/mit212project/catkin_ws/build/CMakeFiles/CMakeTmp

Run Build Command:"/usr/bin/make" "cmTC_ac2d3/fast"
/usr/bin/make -f CMakeFiles/cmTC_ac2d3.dir/build.make CMakeFiles/cmTC_ac2d3.dir/build
make[1]: Entering directory '/home/robot/mit212project/catkin_ws/build/CMakeFiles/CMakeTmp'
Building C object CMakeFiles/cmTC_ac2d3.dir/CheckFunctionExists.c.o
/usr/bin/cc    -Wreturn-type -Wuninitialized  -DCHECK_FUNCTION_EXISTS=pthread_create   -o CMakeFiles/cmTC_ac2d3.dir/CheckFunctionExists.c.o   -c /usr/share/cmake-3.5/Modules/CheckFunctionExists.c
Linking C executable cmTC_ac2d3
/usr/bin/cmake -E cmake_link_script CMakeFiles/cmTC_ac2d3.dir/link.txt --verbose=1
/usr/bin/cc   -Wreturn-type -Wuninitialized  -DCHECK_FUNCTION_EXISTS=pthread_create    CMakeFiles/cmTC_ac2d3.dir/CheckFunctionExists.c.o  -o cmTC_ac2d3 -rdynamic -lpthreads 
/usr/bin/ld: cannot find -lpthreads
collect2: error: ld returned 1 exit status
CMakeFiles/cmTC_ac2d3.dir/build.make:97: recipe for target 'cmTC_ac2d3' failed
make[1]: *** [cmTC_ac2d3] Error 1
make[1]: Leaving directory '/home/robot/mit212project/catkin_ws/build/CMakeFiles/CMakeTmp'
Makefile:126: recipe for target 'cmTC_ac2d3/fast' failed
make: *** [cmTC_ac2d3/fast] Error 2


